<?xml version="1.0" encoding="UTF-8"?>
<testsuite name="com.example.timeman.TimerTest" tests="1" skipped="0" failures="0" errors="0" timestamp="2022-07-31T15:15:16" hostname="DESKTOP-QF3PNBC" time="0.002">
  <properties/>
  <testcase name="addition_isCorrect" classname="com.example.timeman.TimerTest" time="0.002"/>
  <system-out><![CDATA[]]></system-out>
  <system-err><![CDATA[]]></system-err>
</testsuite>
